11:23:30 **** Incremental Build of configuration Debug for project discovery-lab2 ****
make -j8 all 
arm-none-eabi-size   discovery-lab2.elf 
   text	   data	    bss	    dec	    hex	filename
  14032	     20	   1980	  16032	   3ea0	discovery-lab2.elf
Finished building: default.size.stdout
 
11:23:33 **** Incremental Build of configuration Debug for project discovery-lab2 ****
make -j8 all 
arm-none-eabi-size   discovery-lab2.elf 
   text	   data	    bss	    dec	    hex	filename
  14032	     20	   1980	  16032	   3ea0	discovery-lab2.elf
Finished building: default.size.stdout
 
11:26:46 **** Incremental Build of configuration Debug for project discovery-lab2 ****
make -j8 all 
arm-none-eabi-size   discovery-lab2.elf 
   text	   data	    bss	    dec	    hex	filename
  14032	     20	   1980	  16032	   3ea0	discovery-lab2.elf
Finished building: default.size.stdout
 
11:27:50 **** Incremental Build of configuration Debug for project discovery-lab2 ****
make -j8 all 
arm-none-eabi-size   discovery-lab2.elf 
   text	   data	    bss	    dec	    hex	filename
  14032	     20	   1980	  16032	   3ea0	discovery-lab2.elf
Finished building: default.size.stdout
 
11:29:28 **** Incremental Build of configuration Debug for project discovery-lab2 ****
make -j8 all 
arm-none-eabi-size   discovery-lab2.elf 
   text	   data	    bss	    dec	    hex	filename
  14032	     20	   1980	  16032	   3ea0	discovery-lab2.elf
Finished building: default.size.stdout
 
